Arguments: 
  /Users/estevaowatanabe/.nvm/versions/node/v14.9.0/bin/node /Users/estevaowatanabe/.yarn/bin/yarn.js init

PATH: 
  /Users/estevaowatanabe/.yarn/bin:/Users/estevaowatanabe/.config/yarn/global/node_modules/.bin:/Users/estevaowatanabe/.nvm/versions/node/v14.9.0/bin:/usr/local/bin:/usr/bin:/bin:/usr/sbin:/sbin:/usr/local/share/dotnet:~/.dotnet/tools:/Users/estevaowatanabe/.yarn/bin:/Users/estevaowatanabe/.config/yarn/global/node_modules/.bin:/Users/estevaowatanabe/.nvm/versions/node/v14.9.0/bin:/Users/estevaowatanabe/.sdkman/candidates/java/current/bin:/Users/estevaowatanabe/.zplugin/polaris/bin:/Users/estevaowatanabe/Android/Sdk/tools:/Users/estevaowatanabe/Android/Sdk/platform-tools:/Users/estevaowatanabe/Android/Sdk/tools:/Users/estevaowatanabe/Android/Sdk/platform-tools

Yarn version: 
  1.22.5

Node version: 
  14.9.0

Platform: 
  darwin x64

Trace: 
  Error: canceled
      at Interface.<anonymous> (/Users/estevaowatanabe/.yarn/lib/cli.js:137009:13)
      at Interface.emit (events.js:314:20)
      at Interface._ttyWrite (readline.js:875:16)
      at ReadStream.onkeypress (readline.js:213:10)
      at ReadStream.emit (events.js:314:20)
      at emitKeys (internal/readline/utils.js:335:14)
      at emitKeys.next (<anonymous>)
      at ReadStream.onData (readline.js:1144:36)
      at ReadStream.emit (events.js:314:20)
      at addChunk (_stream_readable.js:303:12)

npm manifest: 
  No manifest

yarn manifest: 
  No manifest

Lockfile: 
  No lockfile
